c:\users\hallo\onedrive\escritorio\p0\p0\debug\vc141.pdb
c:\users\hallo\onedrive\escritorio\p0\p0\debug\vc141.idb
c:\users\hallo\onedrive\escritorio\p0\p0\debug\window.obj
c:\users\hallo\onedrive\escritorio\p0\p0\debug\texture.obj
c:\users\hallo\onedrive\escritorio\p0\p0\debug\spotlight.obj
c:\users\hallo\onedrive\escritorio\p0\p0\debug\sphere.obj
c:\users\hallo\onedrive\escritorio\p0\p0\debug\skybox.obj
c:\users\hallo\onedrive\escritorio\p0\p0\debug\shader_light.obj
c:\users\hallo\onedrive\escritorio\p0\p0\debug\practica11_helicoptero.obj
c:\users\hallo\onedrive\escritorio\p0\p0\debug\pointlight.obj
c:\users\hallo\onedrive\escritorio\p0\p0\debug\model.obj
c:\users\hallo\onedrive\escritorio\p0\p0\debug\mesh_tn.obj
c:\users\hallo\onedrive\escritorio\p0\p0\debug\material.obj
c:\users\hallo\onedrive\escritorio\p0\p0\debug\light.obj
c:\users\hallo\onedrive\escritorio\p0\p0\debug\directionallight.obj
c:\users\hallo\onedrive\escritorio\p0\p0\debug\camera.obj
c:\users\hallo\onedrive\escritorio\p0\debug\p0.exe
c:\users\hallo\onedrive\escritorio\p0\debug\p0.ilk
c:\users\hallo\onedrive\escritorio\p0\debug\p0.pdb
c:\users\hallo\onedrive\escritorio\p0\p0\debug\p0.tlog\cl.command.1.tlog
c:\users\hallo\onedrive\escritorio\p0\p0\debug\p0.tlog\cl.read.1.tlog
c:\users\hallo\onedrive\escritorio\p0\p0\debug\p0.tlog\cl.write.1.tlog
c:\users\hallo\onedrive\escritorio\p0\p0\debug\p0.tlog\link.command.1.tlog
c:\users\hallo\onedrive\escritorio\p0\p0\debug\p0.tlog\link.read.1.tlog
c:\users\hallo\onedrive\escritorio\p0\p0\debug\p0.tlog\link.write.1.tlog
