  Camera.cpp
  DirectionalLight.cpp
c:\users\alfa_\desktop\proyecto final cgihc\p0\p0\directionallight.cpp(18): warning C4244: 'argument': conversion from 'GLfloat' to 'GLint', possible loss of data
c:\users\alfa_\desktop\proyecto final cgihc\p0\p0\directionallight.cpp(19): warning C4244: 'argument': conversion from 'GLfloat' to 'GLint', possible loss of data
c:\users\alfa_\desktop\proyecto final cgihc\p0\p0\directionallight.cpp(21): warning C4244: 'argument': conversion from 'GLfloat' to 'GLint', possible loss of data
c:\users\alfa_\desktop\proyecto final cgihc\p0\p0\directionallight.cpp(22): warning C4244: 'argument': conversion from 'GLfloat' to 'GLint', possible loss of data
  Light.cpp
  mainProyecto.cpp
c:\users\alfa_\desktop\proyecto final cgihc\p0\p0\window.h(12): warning C4244: 'return': conversion from 'GLint' to 'GLfloat', possible loss of data
c:\users\alfa_\desktop\proyecto final cgihc\p0\p0\window.h(13): warning C4244: 'return': conversion from 'GLint' to 'GLfloat', possible loss of data
c:\users\alfa_\desktop\proyecto final cgihc\p0\p0\window.h(16): warning C4244: 'return': conversion from 'GLint' to 'GLfloat', possible loss of data
c:\users\alfa_\desktop\proyecto final cgihc\p0\p0\mainproyecto.cpp(986): warning C4244: 'initializing': conversion from 'double' to 'GLfloat', possible loss of data
  Material.cpp
  Mesh_tn.cpp
  Model.cpp
c:\users\alfa_\desktop\proyecto final cgihc\p0\p0\model.cpp(15): warning C4477: 'printf' : format string '%s' requires an argument of type 'char *', but variadic argument 1 has type 'const std::string'
c:\users\alfa_\desktop\proyecto final cgihc\p0\p0\model.cpp(15): warning C4474: 'printf' : too many arguments passed for format string
  c:\users\alfa_\desktop\proyecto final cgihc\p0\p0\model.cpp(15): note: placeholders and their parameters expect 1 variadic arguments, but 2 were provided
c:\users\alfa_\desktop\proyecto final cgihc\p0\p0\model.cpp(50): warning C4804: '<': unsafe use of type 'bool' in operation
c:\users\alfa_\desktop\proyecto final cgihc\p0\p0\model.cpp(50): warning C4018: '<': signed/unsigned mismatch
c:\users\alfa_\desktop\proyecto final cgihc\p0\p0\model.cpp(132): warning C4477: 'printf' : format string '%s' requires an argument of type 'char *', but variadic argument 1 has type 'std::string'
  PointLight.cpp
c:\users\alfa_\desktop\proyecto final cgihc\p0\p0\pointlight.cpp(28): warning C4244: 'argument': conversion from 'GLfloat' to 'GLint', possible loss of data
c:\users\alfa_\desktop\proyecto final cgihc\p0\p0\pointlight.cpp(29): warning C4244: 'argument': conversion from 'GLfloat' to 'GLint', possible loss of data
c:\users\alfa_\desktop\proyecto final cgihc\p0\p0\pointlight.cpp(30): warning C4244: 'argument': conversion from 'GLfloat' to 'GLint', possible loss of data
c:\users\alfa_\desktop\proyecto final cgihc\p0\p0\pointlight.cpp(32): warning C4244: 'argument': conversion from 'GLfloat' to 'GLint', possible loss of data
c:\users\alfa_\desktop\proyecto final cgihc\p0\p0\pointlight.cpp(33): warning C4244: 'argument': conversion from 'GLfloat' to 'GLint', possible loss of data
c:\users\alfa_\desktop\proyecto final cgihc\p0\p0\pointlight.cpp(34): warning C4244: 'argument': conversion from 'GLfloat' to 'GLint', possible loss of data
c:\users\alfa_\desktop\proyecto final cgihc\p0\p0\pointlight.cpp(35): warning C4244: 'argument': conversion from 'GLfloat' to 'GLint', possible loss of data
  Shader_light.cpp
c:\users\alfa_\desktop\proyecto final cgihc\p0\p0\shader_light.cpp(202): warning C4244: 'argument': conversion from 'GLuint' to 'GLfloat', possible loss of data
c:\users\alfa_\desktop\proyecto final cgihc\p0\p0\shader_light.cpp(201): warning C4244: 'argument': conversion from 'GLuint' to 'GLfloat', possible loss of data
c:\users\alfa_\desktop\proyecto final cgihc\p0\p0\shader_light.cpp(215): warning C4244: 'argument': conversion from 'GLuint' to 'GLfloat', possible loss of data
c:\users\alfa_\desktop\proyecto final cgihc\p0\p0\shader_light.cpp(214): warning C4244: 'argument': conversion from 'GLuint' to 'GLfloat', possible loss of data
c:\users\alfa_\desktop\proyecto final cgihc\p0\p0\shader_light.cpp(213): warning C4244: 'argument': conversion from 'GLuint' to 'GLfloat', possible loss of data
  Skybox.cpp
  Sphere.cpp
c:\users\alfa_\desktop\proyecto final cgihc\p0\p0\sphere.cpp(39): warning C4244: 'initializing': conversion from 'double' to 'float', possible loss of data
c:\users\alfa_\desktop\proyecto final cgihc\p0\p0\sphere.cpp(43): warning C4244: 'initializing': conversion from 'double' to 'float', possible loss of data
  SpotLight.cpp
  Texture.cpp
  Window.cpp
c:\users\alfa_\desktop\proyecto final cgihc\p0\p0\window.h(12): warning C4244: 'return': conversion from 'GLint' to 'GLfloat', possible loss of data
c:\users\alfa_\desktop\proyecto final cgihc\p0\p0\window.h(13): warning C4244: 'return': conversion from 'GLint' to 'GLfloat', possible loss of data
c:\users\alfa_\desktop\proyecto final cgihc\p0\p0\window.h(16): warning C4244: 'return': conversion from 'GLint' to 'GLfloat', possible loss of data
c:\users\alfa_\desktop\proyecto final cgihc\p0\p0\window.cpp(199): warning C4244: '=': conversion from 'double' to 'GLfloat', possible loss of data
c:\users\alfa_\desktop\proyecto final cgihc\p0\p0\window.cpp(200): warning C4244: '=': conversion from 'double' to 'GLfloat', possible loss of data
c:\users\alfa_\desktop\proyecto final cgihc\p0\p0\window.cpp(204): warning C4244: '=': conversion from 'double' to 'GLfloat', possible loss of data
c:\users\alfa_\desktop\proyecto final cgihc\p0\p0\window.cpp(205): warning C4244: '=': conversion from 'double' to 'GLfloat', possible loss of data
c:\users\alfa_\desktop\proyecto final cgihc\p0\p0\window.cpp(207): warning C4244: '=': conversion from 'double' to 'GLfloat', possible loss of data
c:\users\alfa_\desktop\proyecto final cgihc\p0\p0\window.cpp(208): warning C4244: '=': conversion from 'double' to 'GLfloat', possible loss of data
  Generating Code...
c:\users\alfa_\desktop\proyecto final cgihc\p0\p0\window.cpp(74): warning C4715: 'Window::Initialise': not all control paths return a value
LINK : warning LNK4098: defaultlib 'MSVCRT' conflicts with use of other libs; use /NODEFAULTLIB:library
  P0.vcxproj -> C:\Users\alfa_\Desktop\Proyecto Final CGIHC\P0\Debug\P0.exe
