c:\users\hallo\onedrive\escritorio\p0\p0\release\vc141.pdb
c:\users\hallo\onedrive\escritorio\p0\p0\release\window.obj
c:\users\hallo\onedrive\escritorio\p0\p0\release\texture.obj
c:\users\hallo\onedrive\escritorio\p0\p0\release\spotlight.obj
c:\users\hallo\onedrive\escritorio\p0\p0\release\sphere.obj
c:\users\hallo\onedrive\escritorio\p0\p0\release\skybox.obj
c:\users\hallo\onedrive\escritorio\p0\p0\release\shader_light.obj
c:\users\hallo\onedrive\escritorio\p0\p0\release\practica11_helicoptero.obj
c:\users\hallo\onedrive\escritorio\p0\p0\release\pointlight.obj
c:\users\hallo\onedrive\escritorio\p0\p0\release\model.obj
c:\users\hallo\onedrive\escritorio\p0\p0\release\mesh_tn.obj
c:\users\hallo\onedrive\escritorio\p0\p0\release\material.obj
c:\users\hallo\onedrive\escritorio\p0\p0\release\light.obj
c:\users\hallo\onedrive\escritorio\p0\p0\release\directionallight.obj
c:\users\hallo\onedrive\escritorio\p0\p0\release\camera.obj
c:\users\hallo\onedrive\escritorio\p0\release\p0.exe
c:\users\hallo\onedrive\escritorio\p0\release\p0.pdb
c:\users\hallo\onedrive\escritorio\p0\release\p0.ipdb
c:\users\hallo\onedrive\escritorio\p0\release\p0.iobj
c:\users\hallo\onedrive\escritorio\p0\p0\release\p0.tlog\cl.command.1.tlog
c:\users\hallo\onedrive\escritorio\p0\p0\release\p0.tlog\cl.read.1.tlog
c:\users\hallo\onedrive\escritorio\p0\p0\release\p0.tlog\cl.write.1.tlog
c:\users\hallo\onedrive\escritorio\p0\p0\release\p0.tlog\link.command.1.tlog
c:\users\hallo\onedrive\escritorio\p0\p0\release\p0.tlog\link.read.1.tlog
c:\users\hallo\onedrive\escritorio\p0\p0\release\p0.tlog\link.write.1.tlog
c:\users\hallo\onedrive\escritorio\p0\p0\release\p0.tlog\p0.write.1u.tlog
